<?xml version="1.0" encoding="UTF-8" ?>
<testsuites errors="0"
            failures="2"
            tests="3">

  <testsuite name="all"
    errors="0" failures="2" hostname="" id="" package="all" skipped="0"
    tests="3" time="14.67" timestamp="">
  
    <testcase name="Page d&#39;accueil" classname="all" time="1.442" assertions="14">

    

    

    

    

    

    

    

    

    

    

    

    

    

    
    </testcase>
  
    <testcase name="Page de projets" classname="all" time="7.148" assertions="30">

    

    

    

    

    

    

    

    

    

    

    

    

    

    

    

    

    

    

    

    

    

    

    

    

    

    

    

    

      <failure message="Expected elements &lt;.publications tr&gt; count to equal: &#34;4&#34; - expected [0;32m&#34;equal &#39;4&#39;&#34;[0m but got: [0;31m&#34;0&#34;[0m">    at NightwatchAPI.&lt;anonymous&gt; (C:\Users\felix\Documents\School\LOG4420\LOG4420_TP4\tests\e2e\all.js:99:19)
    at processTicksAndRejections (internal/process/next_tick.js:81:5)</failure>

    <failure message="    at NightwatchAPI.&lt;anonymous&gt; (C:\Users\felix\Documents\School\LOG4420\LOG4420_TP4\tests\e2e\all.js:99:19)">    at processTicksAndRejections (internal/process/next_tick.js:81:5)</failure>
    </testcase>
  
    <testcase name="Page de publications" classname="all" time="6.078" assertions="5">

    

    

    

      <failure message="Expected element &lt;.modal&gt; to not be visible - expected [0;32m&#34;not visible&#34;[0m but got: [0;31m&#34;visible&#34;[0m">    at Object.Page de publications (C:\Users\felix\Documents\School\LOG4420\LOG4420_TP4\tests\e2e\all.js:117:19)
    at processTicksAndRejections (internal/process/next_tick.js:81:5)</failure>

    <failure message="    at Object.Page de publications (C:\Users\felix\Documents\School\LOG4420\LOG4420_TP4\tests\e2e\all.js:117:19)">    at processTicksAndRejections (internal/process/next_tick.js:81:5)</failure>
    </testcase>
  

  

  
  </testsuite>
</testsuites>
